<?xml version="1.0" encoding="UTF-8"?>
<!-- Generated by org.testng.reporters.JUnitReportReporter -->
<testsuite hostname="abcs-MBP" failures="0" tests="10" name="testCases.TestCreateNewAccountPageWithDataProvider" time="34.156" errors="0" timestamp="2020-11-28T18:42:14 EST" skipped="0">
  <testcase classname="testCases.TestCreateNewAccountPageWithDataProvider" name="createNewAccountThreeParameters" time="3.013"/>
  <testcase classname="testCases.TestCreateNewAccountPageWithDataProvider" name="createNewAccountTwoParameters" time="2.802"/>
  <testcase classname="testCases.TestCreateNewAccountPageWithDataProvider" name="createNewAccountTwoParameters" time="3.160"/>
  <testcase classname="testCases.TestCreateNewAccountPageWithDataProvider" name="createNewAccountFourParameters" time="4.314"/>
  <testcase classname="testCases.TestCreateNewAccountPageWithDataProvider" name="createNewAccountFourParameters" time="3.670"/>
  <testcase classname="testCases.TestCreateNewAccountPageWithDataProvider" name="createNewAccountFourParameters" time="2.882"/>
  <testcase classname="testCases.TestCreateNewAccountPageWithDataProvider" name="createNewAccountFourParameters" time="3.753"/>
  <testcase classname="testCases.TestCreateNewAccountPageWithDataProvider" name="createNewAccountThreeParameters" time="3.026"/>
  <testcase classname="testCases.TestCreateNewAccountPageWithDataProvider" name="createNewAccountFourParameters" time="3.903"/>
  <testcase classname="testCases.TestCreateNewAccountPageWithDataProvider" name="createNewAccountFourParameters" time="3.633"/>
</testsuite> <!-- testCases.TestCreateNewAccountPageWithDataProvider -->
