<?xml version="1.0" encoding="UTF-8"?>
<!-- Generated by org.testng.reporters.JUnitReportReporter -->
<testsuite hostname="abcs-MBP" failures="0" tests="13" name="testCases.TestSearchPageWithDataProvider" time="43.780" errors="0" timestamp="2020-11-29T07:06:42 EST" skipped="0">
  <testcase classname="testCases.TestSearchPageWithDataProvider" name="testSearch2ndItem" time="3.366"/>
  <testcase classname="testCases.TestSearchPageWithDataProvider" name="testSearch1stItem" time="2.863"/>
  <testcase classname="testCases.TestSearchPageWithDataProvider" name="testSearch3rdItem" time="3.008"/>
  <testcase classname="testCases.TestSearchPageWithDataProvider" name="testSearch2ndItem" time="3.530"/>
  <testcase classname="testCases.TestSearchPageWithDataProvider" name="testSearch2ndItem" time="3.061"/>
  <testcase classname="testCases.TestSearchPageWithDataProvider" name="testSearch3rdItem" time="4.177"/>
  <testcase classname="testCases.TestSearchPageWithDataProvider" name="testSearch1stItem" time="3.909"/>
  <testcase classname="testCases.TestSearchPageWithDataProvider" name="testSearch1stItem" time="3.480"/>
  <testcase classname="testCases.TestSearchPageWithDataProvider" name="testSearch1stItem" time="3.420"/>
  <testcase classname="testCases.TestSearchPageWithDataProvider" name="testSearch1stItem" time="3.095"/>
  <testcase classname="testCases.TestSearchPageWithDataProvider" name="testSearch3rdItem" time="3.289"/>
  <testcase classname="testCases.TestSearchPageWithDataProvider" name="testSearch1stItem" time="3.727"/>
  <testcase classname="testCases.TestSearchPageWithDataProvider" name="testSearch2ndItem" time="2.855"/>
</testsuite> <!-- testCases.TestSearchPageWithDataProvider -->
