<?xml version="1.0" encoding="UTF-8"?>
<!-- Generated by org.testng.reporters.JUnitReportReporter -->
<testsuite hostname="abcs-MBP" failures="0" tests="2" name="testCases.TestCreateNewAccountPage" time="6.230" errors="0" timestamp="2020-11-29T07:06:42 EST" skipped="0">
  <testcase classname="testCases.TestCreateNewAccountPage" name="createNewAccount" time="3.162"/>
  <testcase classname="testCases.TestCreateNewAccountPage" name="createNewAccountTwoParameters" time="3.068"/>
</testsuite> <!-- testCases.TestCreateNewAccountPage -->
