<?xml version="1.0" encoding="UTF-8"?>
<!-- Generated by org.testng.reporters.JUnitReportReporter -->
<testsuite hostname="abcs-MBP" failures="0" tests="3" name="testCases.TestIndexPage" time="6.569" errors="0" timestamp="2020-11-29T07:06:42 EST" skipped="0">
  <testcase classname="testCases.TestIndexPage" name="testSignIn" time="2.290"/>
  <testcase classname="testCases.TestIndexPage" name="testValidateCompanyLogo" time="2.079"/>
  <testcase classname="testCases.TestIndexPage" name="testValidateUrl" time="2.200"/>
</testsuite> <!-- testCases.TestIndexPage -->
