<?xml version="1.0" encoding="UTF-8"?>
<!-- Generated by org.testng.reporters.JUnitReportReporter -->
<testsuite hostname="abcs-MBP" failures="0" tests="10" name="testCases.TestCreateNewAccountPageWithDataProvider" time="33.066" errors="0" timestamp="2020-11-29T07:06:42 EST" skipped="0">
  <testcase classname="testCases.TestCreateNewAccountPageWithDataProvider" name="createNewAccountFourParameters" time="3.467"/>
  <testcase classname="testCases.TestCreateNewAccountPageWithDataProvider" name="createNewAccountFourParameters" time="3.074"/>
  <testcase classname="testCases.TestCreateNewAccountPageWithDataProvider" name="createNewAccountThreeParameters" time="2.682"/>
  <testcase classname="testCases.TestCreateNewAccountPageWithDataProvider" name="createNewAccountFourParameters" time="4.439"/>
  <testcase classname="testCases.TestCreateNewAccountPageWithDataProvider" name="createNewAccountTwoParameters" time="2.589"/>
  <testcase classname="testCases.TestCreateNewAccountPageWithDataProvider" name="createNewAccountFourParameters" time="3.231"/>
  <testcase classname="testCases.TestCreateNewAccountPageWithDataProvider" name="createNewAccountFourParameters" time="3.686"/>
  <testcase classname="testCases.TestCreateNewAccountPageWithDataProvider" name="createNewAccountFourParameters" time="3.653"/>
  <testcase classname="testCases.TestCreateNewAccountPageWithDataProvider" name="createNewAccountTwoParameters" time="3.228"/>
  <testcase classname="testCases.TestCreateNewAccountPageWithDataProvider" name="createNewAccountThreeParameters" time="3.017"/>
</testsuite> <!-- testCases.TestCreateNewAccountPageWithDataProvider -->
