<?xml version="1.0" encoding="UTF-8"?>
<!-- Generated by org.testng.reporters.JUnitReportReporter -->
<testsuite hostname="abcs-MBP" failures="0" tests="3" name="testCases.TestIndexPage" time="6.306" errors="0" timestamp="2020-11-28T18:42:14 EST" skipped="0">
  <testcase classname="testCases.TestIndexPage" name="testValidateCompanyLogo" time="1.870"/>
  <testcase classname="testCases.TestIndexPage" name="testSignIn" time="2.373"/>
  <testcase classname="testCases.TestIndexPage" name="testValidateUrl" time="2.063"/>
</testsuite> <!-- testCases.TestIndexPage -->
