<?xml version="1.0" encoding="UTF-8"?>
<!-- Generated by org.testng.reporters.JUnitReportReporter -->
<testsuite hostname="abcs-MBP" failures="0" tests="13" name="testCases.TestSearchPageWithDataProvider" time="42.002" errors="0" timestamp="2020-11-28T18:42:14 EST" skipped="0">
  <testcase classname="testCases.TestSearchPageWithDataProvider" name="testSearch2ndItem" time="2.920"/>
  <testcase classname="testCases.TestSearchPageWithDataProvider" name="testSearch1stItem" time="3.094"/>
  <testcase classname="testCases.TestSearchPageWithDataProvider" name="testSearch2ndItem" time="2.794"/>
  <testcase classname="testCases.TestSearchPageWithDataProvider" name="testSearch1stItem" time="3.246"/>
  <testcase classname="testCases.TestSearchPageWithDataProvider" name="testSearch1stItem" time="3.080"/>
  <testcase classname="testCases.TestSearchPageWithDataProvider" name="testSearch3rdItem" time="2.890"/>
  <testcase classname="testCases.TestSearchPageWithDataProvider" name="testSearch2ndItem" time="5.417"/>
  <testcase classname="testCases.TestSearchPageWithDataProvider" name="testSearch1stItem" time="3.020"/>
  <testcase classname="testCases.TestSearchPageWithDataProvider" name="testSearch2ndItem" time="3.070"/>
  <testcase classname="testCases.TestSearchPageWithDataProvider" name="testSearch3rdItem" time="2.635"/>
  <testcase classname="testCases.TestSearchPageWithDataProvider" name="testSearch1stItem" time="3.212"/>
  <testcase classname="testCases.TestSearchPageWithDataProvider" name="testSearch3rdItem" time="3.476"/>
  <testcase classname="testCases.TestSearchPageWithDataProvider" name="testSearch1stItem" time="3.148"/>
</testsuite> <!-- testCases.TestSearchPageWithDataProvider -->
