<?xml version="1.0" encoding="UTF-8"?>
<!-- Generated by org.testng.reporters.JUnitReportReporter -->
<testsuite hostname="abcs-MBP" failures="0" tests="6" name="testCases.TestSearchPage" time="19.073" errors="0" timestamp="2020-11-29T07:06:42 EST" skipped="0">
  <testcase classname="testCases.TestSearchPage" name="testSearch2ndItem" time="3.275"/>
  <testcase classname="testCases.TestSearchPage" name="testSearch6thItem" time="3.057"/>
  <testcase classname="testCases.TestSearchPage" name="testSearch3rdItem" time="3.403"/>
  <testcase classname="testCases.TestSearchPage" name="testSearch4thItem" time="2.974"/>
  <testcase classname="testCases.TestSearchPage" name="testSearch5thItem" time="2.947"/>
  <testcase classname="testCases.TestSearchPage" name="testSearch1stItem" time="3.417"/>
</testsuite> <!-- testCases.TestSearchPage -->
