<?xml version="1.0" encoding="UTF-8"?>
<!-- Generated by org.testng.reporters.JUnitReportReporter -->
<testsuite hostname="abcs-MBP" failures="0" tests="2" name="testCases.TestCreateNewAccountPage" time="6.070" errors="0" timestamp="2020-11-28T18:42:14 EST" skipped="0">
  <testcase classname="testCases.TestCreateNewAccountPage" name="createNewAccount" time="3.234"/>
  <testcase classname="testCases.TestCreateNewAccountPage" name="createNewAccountTwoParameters" time="2.836"/>
</testsuite> <!-- testCases.TestCreateNewAccountPage -->
