<?xml version="1.0" encoding="UTF-8"?>
<!-- Generated by org.testng.reporters.JUnitReportReporter -->
<testsuite hostname="abcs-MBP" failures="0" tests="6" name="testCases.TestSearchPage" time="18.452" errors="0" timestamp="2020-11-28T18:42:14 EST" skipped="0">
  <testcase classname="testCases.TestSearchPage" name="testSearch2ndItem" time="3.066"/>
  <testcase classname="testCases.TestSearchPage" name="testSearch6thItem" time="3.054"/>
  <testcase classname="testCases.TestSearchPage" name="testSearch5thItem" time="2.876"/>
  <testcase classname="testCases.TestSearchPage" name="testSearch3rdItem" time="3.164"/>
  <testcase classname="testCases.TestSearchPage" name="testSearch4thItem" time="3.017"/>
  <testcase classname="testCases.TestSearchPage" name="testSearch1stItem" time="3.275"/>
</testsuite> <!-- testCases.TestSearchPage -->
