<?xml version="1.0" encoding="UTF-8"?>
<testsuite xmlns:xsi="http://www.w3.org/2001/XMLSchema-instance" xsi:noNamespaceSchemaLocation="https://maven.apache.org/surefire/maven-surefire-plugin/xsd/surefire-test-report-3.0.xsd" version="3.0" name="TestSuite" time="107.85" tests="34" errors="0" skipped="0" failures="0">
  <properties>
    <property name="java.specification.version" value="14"/>
    <property name="sun.jnu.encoding" value="UTF-8"/>
    <property name="java.class.path" value="/Users/abc/IdeaProject/SactionScreening/AmazonDataDrivenExcel/target/test-classes:/Users/abc/IdeaProject/SactionScreening/AmazonDataDrivenExcel/target/classes:/Users/abc/IdeaProject/SactionScreening/Generic/target/classes:/Users/abc/.m2/repository/org/seleniumhq/selenium/selenium-java/3.141.59/selenium-java-3.141.59.jar:/Users/abc/.m2/repository/org/seleniumhq/selenium/selenium-api/3.141.59/selenium-api-3.141.59.jar:/Users/abc/.m2/repository/org/seleniumhq/selenium/selenium-chrome-driver/3.141.59/selenium-chrome-driver-3.141.59.jar:/Users/abc/.m2/repository/org/seleniumhq/selenium/selenium-edge-driver/3.141.59/selenium-edge-driver-3.141.59.jar:/Users/abc/.m2/repository/org/seleniumhq/selenium/selenium-firefox-driver/3.141.59/selenium-firefox-driver-3.141.59.jar:/Users/abc/.m2/repository/org/seleniumhq/selenium/selenium-ie-driver/3.141.59/selenium-ie-driver-3.141.59.jar:/Users/abc/.m2/repository/org/seleniumhq/selenium/selenium-opera-driver/3.141.59/selenium-opera-driver-3.141.59.jar:/Users/abc/.m2/repository/org/seleniumhq/selenium/selenium-remote-driver/3.141.59/selenium-remote-driver-3.141.59.jar:/Users/abc/.m2/repository/org/seleniumhq/selenium/selenium-safari-driver/3.141.59/selenium-safari-driver-3.141.59.jar:/Users/abc/.m2/repository/org/seleniumhq/selenium/selenium-support/3.141.59/selenium-support-3.141.59.jar:/Users/abc/.m2/repository/net/bytebuddy/byte-buddy/1.8.15/byte-buddy-1.8.15.jar:/Users/abc/.m2/repository/org/apache/commons/commons-exec/1.3/commons-exec-1.3.jar:/Users/abc/.m2/repository/com/google/guava/guava/25.0-jre/guava-25.0-jre.jar:/Users/abc/.m2/repository/com/google/code/findbugs/jsr305/1.3.9/jsr305-1.3.9.jar:/Users/abc/.m2/repository/org/checkerframework/checker-compat-qual/2.0.0/checker-compat-qual-2.0.0.jar:/Users/abc/.m2/repository/com/google/errorprone/error_prone_annotations/2.1.3/error_prone_annotations-2.1.3.jar:/Users/abc/.m2/repository/com/google/j2objc/j2objc-annotations/1.1/j2objc-annotations-1.1.jar:/Users/abc/.m2/repository/org/codehaus/mojo/animal-sniffer-annotations/1.14/animal-sniffer-annotations-1.14.jar:/Users/abc/.m2/repository/com/squareup/okhttp3/okhttp/3.11.0/okhttp-3.11.0.jar:/Users/abc/.m2/repository/com/squareup/okio/okio/1.14.0/okio-1.14.0.jar:/Users/abc/.m2/repository/org/seleniumhq/selenium/selenium-server/3.141.59/selenium-server-3.141.59.jar:/Users/abc/.m2/repository/com/beust/jcommander/1.72/jcommander-1.72.jar:/Users/abc/.m2/repository/net/jcip/jcip-annotations/1.0/jcip-annotations-1.0.jar:/Users/abc/.m2/repository/org/seleniumhq/selenium/jetty-repacked/9.4.12.v20180830/jetty-repacked-9.4.12.v20180830.jar:/Users/abc/.m2/repository/javax/servlet/javax.servlet-api/3.1.0/javax.servlet-api-3.1.0.jar:/Users/abc/.m2/repository/org/yaml/snakeyaml/1.19/snakeyaml-1.19.jar:/Users/abc/.m2/repository/org/testng/testng/7.0.0/testng-7.0.0.jar:/Users/abc/.m2/repository/com/aventstack/extentreports/5.0.1/extentreports-5.0.1.jar:/Users/abc/.m2/repository/io/reactivex/rxjava3/rxjava/3.0.4/rxjava-3.0.4.jar:/Users/abc/.m2/repository/org/reactivestreams/reactive-streams/1.0.3/reactive-streams-1.0.3.jar:/Users/abc/.m2/repository/org/freemarker/freemarker/2.3.30/freemarker-2.3.30.jar:/Users/abc/.m2/repository/org/projectlombok/lombok/1.18.12/lombok-1.18.12.jar:/Users/abc/.m2/repository/com/google/code/gson/gson/2.8.6/gson-2.8.6.jar:/Users/abc/.m2/repository/commons-io/commons-io/2.5/commons-io-2.5.jar:/Users/abc/.m2/repository/log4j/log4j/1.2.17/log4j-1.2.17.jar:/Users/abc/.m2/repository/org/apache/poi/poi/4.1.2/poi-4.1.2.jar:/Users/abc/.m2/repository/commons-codec/commons-codec/1.13/commons-codec-1.13.jar:/Users/abc/.m2/repository/org/apache/commons/commons-collections4/4.4/commons-collections4-4.4.jar:/Users/abc/.m2/repository/org/apache/commons/commons-math3/3.6.1/commons-math3-3.6.1.jar:/Users/abc/.m2/repository/com/zaxxer/SparseBitSet/1.2/SparseBitSet-1.2.jar:/Users/abc/.m2/repository/org/apache/maven/surefire/maven-surefire-common/3.0.0-M3/maven-surefire-common-3.0.0-M3.jar:/Users/abc/.m2/repository/org/apache/maven/surefire/surefire-api/3.0.0-M3/surefire-api-3.0.0-M3.jar:/Users/abc/.m2/repository/org/apache/maven/surefire/surefire-logger-api/3.0.0-M3/surefire-logger-api-3.0.0-M3.jar:/Users/abc/.m2/repository/org/apache/maven/surefire/surefire-booter/3.0.0-M3/surefire-booter-3.0.0-M3.jar:/Users/abc/.m2/repository/org/apache/maven/maven-toolchain/3.0-alpha-2/maven-toolchain-3.0-alpha-2.jar:/Users/abc/.m2/repository/org/apache/maven/maven-core/3.0-alpha-2/maven-core-3.0-alpha-2.jar:/Users/abc/.m2/repository/org/apache/maven/maven-lifecycle/3.0-alpha-2/maven-lifecycle-3.0-alpha-2.jar:/Users/abc/.m2/repository/org/apache/maven/maven-reporting-api/3.0-alpha-2/maven-reporting-api-3.0-alpha-2.jar:/Users/abc/.m2/repository/org/apache/maven/doxia/doxia-sink-api/1.0-alpha-9/doxia-sink-api-1.0-alpha-9.jar:/Users/abc/.m2/repository/org/apache/maven/maven-model/3.0-alpha-2/maven-model-3.0-alpha-2.jar:/Users/abc/.m2/repository/org/apache/maven/maven-plugin-api/3.0-alpha-2/maven-plugin-api-3.0-alpha-2.jar:/Users/abc/.m2/repository/org/codehaus/plexus/plexus-container-default/1.0-beta-3.0.5/plexus-container-default-1.0-beta-3.0.5.jar:/Users/abc/.m2/repository/org/apache/xbean/xbean-reflect/3.4/xbean-reflect-3.4.jar:/Users/abc/.m2/repository/commons-logging/commons-logging-api/1.1/commons-logging-api-1.1.jar:/Users/abc/.m2/repository/com/google/code/google-collections/google-collect/snapshot-20080530/google-collect-snapshot-20080530.jar:/Users/abc/.m2/repository/junit/junit/3.8.2/junit-3.8.2.jar:/Users/abc/.m2/repository/org/apache/maven/maven-project/3.0-alpha-2/maven-project-3.0-alpha-2.jar:/Users/abc/.m2/repository/org/codehaus/woodstox/wstx-asl/3.2.6/wstx-asl-3.2.6.jar:/Users/abc/.m2/repository/org/apache/maven/maven-project-builder/3.0-alpha-2/maven-project-builder-3.0-alpha-2.jar:/Users/abc/.m2/repository/commons-cli/commons-cli/1.0/commons-cli-1.0.jar:/Users/abc/.m2/repository/org/codehaus/plexus/plexus-interactivity-api/1.0-alpha-6/plexus-interactivity-api-1.0-alpha-6.jar:/Users/abc/.m2/repository/org/codehaus/plexus/plexus-interpolation/1.1/plexus-interpolation-1.1.jar:/Users/abc/.m2/repository/org/codehaus/plexus/plexus-utils/1.5.6/plexus-utils-1.5.6.jar:/Users/abc/.m2/repository/org/codehaus/plexus/plexus-classworlds/1.3/plexus-classworlds-1.3.jar:/Users/abc/.m2/repository/org/codehaus/plexus/plexus-component-annotations/1.0-beta-3.0.5/plexus-component-annotations-1.0-beta-3.0.5.jar:/Users/abc/.m2/repository/org/sonatype/plexus/plexus-plugin-manager/1.0-alpha-1/plexus-plugin-manager-1.0-alpha-1.jar:/Users/abc/.m2/repository/org/apache/maven/mercury/mercury-plexus/1.0.0-alpha-2/mercury-plexus-1.0.0-alpha-2.jar:/Users/abc/.m2/repository/org/apache/maven/mercury/mercury-repo-remote-m2/1.0.0-alpha-2/mercury-repo-remote-m2-1.0.0-alpha-2.jar:/Users/abc/.m2/repository/org/apache/maven/mercury/mercury-repo-api/1.0.0-alpha-2/mercury-repo-api-1.0.0-alpha-2.jar:/Users/abc/.m2/repository/org/apache/maven/mercury/mercury-transport-api/1.0.0-alpha-2/mercury-transport-api-1.0.0-alpha-2.jar:/Users/abc/.m2/repository/org/apache/maven/mercury/mercury-crypto-api/1.0.0-alpha-2/mercury-crypto-api-1.0.0-alpha-2.jar:/Users/abc/.m2/repository/org/apache/maven/mercury/mercury-transport-http/1.0.0-alpha-2/mercury-transport-http-1.0.0-alpha-2.jar:/Users/abc/.m2/repository/org/mortbay/jetty/jetty-client/6.1.12/jetty-client-6.1.12.jar:/Users/abc/.m2/repository/org/mortbay/jetty/jetty-sslengine/6.1.12/jetty-sslengine-6.1.12.jar:/Users/abc/.m2/repository/org/mortbay/jetty/jetty/6.1.12/jetty-6.1.12.jar:/Users/abc/.m2/repository/org/mortbay/jetty/jetty-util/6.1.12/jetty-util-6.1.12.jar:/Users/abc/.m2/repository/org/mortbay/jetty/servlet-api-2.5/6.1.12/servlet-api-2.5-6.1.12.jar:/Users/abc/.m2/repository/org/apache/maven/mercury/mercury-crypto-basic/1.0.0-alpha-2/mercury-crypto-basic-1.0.0-alpha-2.jar:/Users/abc/.m2/repository/bouncycastle/bcprov-jdk15/140/bcprov-jdk15-140.jar:/Users/abc/.m2/repository/bouncycastle/bcpg-jdk15/140/bcpg-jdk15-140.jar:/Users/abc/.m2/repository/org/apache/maven/mercury/mercury-md-shared/1.0.0-alpha-2/mercury-md-shared-1.0.0-alpha-2.jar:/Users/abc/.m2/repository/org/apache/maven/mercury/mercury-util/1.0.0-alpha-2/mercury-util-1.0.0-alpha-2.jar:/Users/abc/.m2/repository/org/apache/maven/mercury/mercury-repo-local-m2/1.0.0-alpha-2/mercury-repo-local-m2-1.0.0-alpha-2.jar:/Users/abc/.m2/repository/org/apache/maven/mercury/mercury-repo-virtual/1.0.0-alpha-2/mercury-repo-virtual-1.0.0-alpha-2.jar:/Users/abc/.m2/repository/org/apache/maven/mercury/mercury-repo-cache-fs/1.0.0-alpha-2/mercury-repo-cache-fs-1.0.0-alpha-2.jar:/Users/abc/.m2/repository/org/apache/maven/mercury/mercury-md-sat/1.0.0-alpha-2/mercury-md-sat-1.0.0-alpha-2.jar:/Users/abc/.m2/repository/org/sat4j/org.sat4j.core/2.0.4/org.sat4j.core-2.0.4.jar:/Users/abc/.m2/repository/org/sat4j/org.sat4j.pb/2.0.4/org.sat4j.pb-2.0.4.jar:/Users/abc/.m2/repository/org/apache/maven/mercury/mercury-event/1.0.0-alpha-2/mercury-event-1.0.0-alpha-2.jar:/Users/abc/.m2/repository/org/apache/maven/mercury/mercury-logging/1.0.0-alpha-2/mercury-logging-1.0.0-alpha-2.jar:/Users/abc/.m2/repository/org/codehaus/plexus/plexus-lang/1.1/plexus-lang-1.1.jar:/Users/abc/.m2/repository/org/slf4j/slf4j-jdk14/1.5.3/slf4j-jdk14-1.5.3.jar:/Users/abc/.m2/repository/org/apache/maven/maven-mercury/3.0-alpha-2/maven-mercury-3.0-alpha-2.jar:/Users/abc/.m2/repository/org/apache/maven/mercury/mercury-artifact/1.0.0-alpha-2/mercury-artifact-1.0.0-alpha-2.jar:/Users/abc/.m2/repository/org/apache/maven/mercury/mercury-external/1.0.0-alpha-2/mercury-external-1.0.0-alpha-2.jar:/Users/abc/.m2/repository/org/sonatype/spice/model-builder/1.3/model-builder-1.3.jar:/Users/abc/.m2/repository/stax/stax-api/1.0.1/stax-api-1.0.1.jar:/Users/abc/.m2/repository/org/apache/maven/maven-compat/3.0-alpha-2/maven-compat-3.0-alpha-2.jar:/Users/abc/.m2/repository/org/apache/maven/wagon/wagon-provider-api/1.0-beta-4/wagon-provider-api-1.0-beta-4.jar:/Users/abc/.m2/repository/org/codehaus/plexus/plexus-java/1.0.1/plexus-java-1.0.1.jar:/Users/abc/.m2/repository/org/ow2/asm/asm/7.0-beta/asm-7.0-beta.jar:/Users/abc/.m2/repository/com/thoughtworks/qdox/qdox/2.0-M9/qdox-2.0-M9.jar:/Users/abc/.m2/repository/org/apache/poi/poi-ooxml/4.1.2/poi-ooxml-4.1.2.jar:/Users/abc/.m2/repository/org/apache/poi/poi-ooxml-schemas/4.1.2/poi-ooxml-schemas-4.1.2.jar:/Users/abc/.m2/repository/org/apache/xmlbeans/xmlbeans/3.1.0/xmlbeans-3.1.0.jar:/Users/abc/.m2/repository/org/apache/commons/commons-compress/1.19/commons-compress-1.19.jar:/Users/abc/.m2/repository/com/github/virtuald/curvesapi/1.06/curvesapi-1.06.jar:/Users/abc/.m2/repository/io/github/bonigarcia/webdrivermanager/4.2.2/webdrivermanager-4.2.2.jar:/Users/abc/.m2/repository/org/slf4j/slf4j-api/1.7.30/slf4j-api-1.7.30.jar:/Users/abc/.m2/repository/org/apache/commons/commons-lang3/3.11/commons-lang3-3.11.jar:/Users/abc/.m2/repository/org/apache/httpcomponents/client5/httpclient5/5.0.1/httpclient5-5.0.1.jar:/Users/abc/.m2/repository/org/apache/httpcomponents/core5/httpcore5/5.0.1/httpcore5-5.0.1.jar:/Users/abc/.m2/repository/org/apache/httpcomponents/core5/httpcore5-h2/5.0.1/httpcore5-h2-5.0.1.jar:/Users/abc/.m2/repository/org/rauschig/jarchivelib/1.1.0/jarchivelib-1.1.0.jar:/Users/abc/.m2/repository/org/jsoup/jsoup/1.13.1/jsoup-1.13.1.jar:"/>
    <property name="java.vm.vendor" value="Oracle Corporation"/>
    <property name="sun.arch.data.model" value="64"/>
    <property name="java.vendor.url" value="https://openjdk.java.net/"/>
    <property name="os.name" value="Mac OS X"/>
    <property name="java.vm.specification.version" value="14"/>
    <property name="sun.java.launcher" value="SUN_STANDARD"/>
    <property name="user.country" value="US"/>
    <property name="sun.boot.library.path" value="/usr/local/Cellar/openjdk/14.0.1/libexec/openjdk.jdk/Contents/Home/lib"/>
    <property name="sun.java.command" value="/Users/abc/IdeaProject/SactionScreening/AmazonDataDrivenExcel/target/surefire/surefirebooter11500006667750908997.jar /Users/abc/IdeaProject/SactionScreening/AmazonDataDrivenExcel/target/surefire 2020-11-28T18-40-25_953-jvmRun1 surefire9209382678521391971tmp surefire_02536985308468128794tmp"/>
    <property name="http.nonProxyHosts" value="local|*.local|169.254/16|*.169.254/16"/>
    <property name="jdk.debug" value="release"/>
    <property name="surefire.test.class.path" value="/Users/abc/IdeaProject/SactionScreening/AmazonDataDrivenExcel/target/test-classes:/Users/abc/IdeaProject/SactionScreening/AmazonDataDrivenExcel/target/classes:/Users/abc/IdeaProject/SactionScreening/Generic/target/classes:/Users/abc/.m2/repository/org/seleniumhq/selenium/selenium-java/3.141.59/selenium-java-3.141.59.jar:/Users/abc/.m2/repository/org/seleniumhq/selenium/selenium-api/3.141.59/selenium-api-3.141.59.jar:/Users/abc/.m2/repository/org/seleniumhq/selenium/selenium-chrome-driver/3.141.59/selenium-chrome-driver-3.141.59.jar:/Users/abc/.m2/repository/org/seleniumhq/selenium/selenium-edge-driver/3.141.59/selenium-edge-driver-3.141.59.jar:/Users/abc/.m2/repository/org/seleniumhq/selenium/selenium-firefox-driver/3.141.59/selenium-firefox-driver-3.141.59.jar:/Users/abc/.m2/repository/org/seleniumhq/selenium/selenium-ie-driver/3.141.59/selenium-ie-driver-3.141.59.jar:/Users/abc/.m2/repository/org/seleniumhq/selenium/selenium-opera-driver/3.141.59/selenium-opera-driver-3.141.59.jar:/Users/abc/.m2/repository/org/seleniumhq/selenium/selenium-remote-driver/3.141.59/selenium-remote-driver-3.141.59.jar:/Users/abc/.m2/repository/org/seleniumhq/selenium/selenium-safari-driver/3.141.59/selenium-safari-driver-3.141.59.jar:/Users/abc/.m2/repository/org/seleniumhq/selenium/selenium-support/3.141.59/selenium-support-3.141.59.jar:/Users/abc/.m2/repository/net/bytebuddy/byte-buddy/1.8.15/byte-buddy-1.8.15.jar:/Users/abc/.m2/repository/org/apache/commons/commons-exec/1.3/commons-exec-1.3.jar:/Users/abc/.m2/repository/com/google/guava/guava/25.0-jre/guava-25.0-jre.jar:/Users/abc/.m2/repository/com/google/code/findbugs/jsr305/1.3.9/jsr305-1.3.9.jar:/Users/abc/.m2/repository/org/checkerframework/checker-compat-qual/2.0.0/checker-compat-qual-2.0.0.jar:/Users/abc/.m2/repository/com/google/errorprone/error_prone_annotations/2.1.3/error_prone_annotations-2.1.3.jar:/Users/abc/.m2/repository/com/google/j2objc/j2objc-annotations/1.1/j2objc-annotations-1.1.jar:/Users/abc/.m2/repository/org/codehaus/mojo/animal-sniffer-annotations/1.14/animal-sniffer-annotations-1.14.jar:/Users/abc/.m2/repository/com/squareup/okhttp3/okhttp/3.11.0/okhttp-3.11.0.jar:/Users/abc/.m2/repository/com/squareup/okio/okio/1.14.0/okio-1.14.0.jar:/Users/abc/.m2/repository/org/seleniumhq/selenium/selenium-server/3.141.59/selenium-server-3.141.59.jar:/Users/abc/.m2/repository/com/beust/jcommander/1.72/jcommander-1.72.jar:/Users/abc/.m2/repository/net/jcip/jcip-annotations/1.0/jcip-annotations-1.0.jar:/Users/abc/.m2/repository/org/seleniumhq/selenium/jetty-repacked/9.4.12.v20180830/jetty-repacked-9.4.12.v20180830.jar:/Users/abc/.m2/repository/javax/servlet/javax.servlet-api/3.1.0/javax.servlet-api-3.1.0.jar:/Users/abc/.m2/repository/org/yaml/snakeyaml/1.19/snakeyaml-1.19.jar:/Users/abc/.m2/repository/org/testng/testng/7.0.0/testng-7.0.0.jar:/Users/abc/.m2/repository/com/aventstack/extentreports/5.0.1/extentreports-5.0.1.jar:/Users/abc/.m2/repository/io/reactivex/rxjava3/rxjava/3.0.4/rxjava-3.0.4.jar:/Users/abc/.m2/repository/org/reactivestreams/reactive-streams/1.0.3/reactive-streams-1.0.3.jar:/Users/abc/.m2/repository/org/freemarker/freemarker/2.3.30/freemarker-2.3.30.jar:/Users/abc/.m2/repository/org/projectlombok/lombok/1.18.12/lombok-1.18.12.jar:/Users/abc/.m2/repository/com/google/code/gson/gson/2.8.6/gson-2.8.6.jar:/Users/abc/.m2/repository/commons-io/commons-io/2.5/commons-io-2.5.jar:/Users/abc/.m2/repository/log4j/log4j/1.2.17/log4j-1.2.17.jar:/Users/abc/.m2/repository/org/apache/poi/poi/4.1.2/poi-4.1.2.jar:/Users/abc/.m2/repository/commons-codec/commons-codec/1.13/commons-codec-1.13.jar:/Users/abc/.m2/repository/org/apache/commons/commons-collections4/4.4/commons-collections4-4.4.jar:/Users/abc/.m2/repository/org/apache/commons/commons-math3/3.6.1/commons-math3-3.6.1.jar:/Users/abc/.m2/repository/com/zaxxer/SparseBitSet/1.2/SparseBitSet-1.2.jar:/Users/abc/.m2/repository/org/apache/maven/surefire/maven-surefire-common/3.0.0-M3/maven-surefire-common-3.0.0-M3.jar:/Users/abc/.m2/repository/org/apache/maven/surefire/surefire-api/3.0.0-M3/surefire-api-3.0.0-M3.jar:/Users/abc/.m2/repository/org/apache/maven/surefire/surefire-logger-api/3.0.0-M3/surefire-logger-api-3.0.0-M3.jar:/Users/abc/.m2/repository/org/apache/maven/surefire/surefire-booter/3.0.0-M3/surefire-booter-3.0.0-M3.jar:/Users/abc/.m2/repository/org/apache/maven/maven-toolchain/3.0-alpha-2/maven-toolchain-3.0-alpha-2.jar:/Users/abc/.m2/repository/org/apache/maven/maven-core/3.0-alpha-2/maven-core-3.0-alpha-2.jar:/Users/abc/.m2/repository/org/apache/maven/maven-lifecycle/3.0-alpha-2/maven-lifecycle-3.0-alpha-2.jar:/Users/abc/.m2/repository/org/apache/maven/maven-reporting-api/3.0-alpha-2/maven-reporting-api-3.0-alpha-2.jar:/Users/abc/.m2/repository/org/apache/maven/doxia/doxia-sink-api/1.0-alpha-9/doxia-sink-api-1.0-alpha-9.jar:/Users/abc/.m2/repository/org/apache/maven/maven-model/3.0-alpha-2/maven-model-3.0-alpha-2.jar:/Users/abc/.m2/repository/org/apache/maven/maven-plugin-api/3.0-alpha-2/maven-plugin-api-3.0-alpha-2.jar:/Users/abc/.m2/repository/org/codehaus/plexus/plexus-container-default/1.0-beta-3.0.5/plexus-container-default-1.0-beta-3.0.5.jar:/Users/abc/.m2/repository/org/apache/xbean/xbean-reflect/3.4/xbean-reflect-3.4.jar:/Users/abc/.m2/repository/commons-logging/commons-logging-api/1.1/commons-logging-api-1.1.jar:/Users/abc/.m2/repository/com/google/code/google-collections/google-collect/snapshot-20080530/google-collect-snapshot-20080530.jar:/Users/abc/.m2/repository/junit/junit/3.8.2/junit-3.8.2.jar:/Users/abc/.m2/repository/org/apache/maven/maven-project/3.0-alpha-2/maven-project-3.0-alpha-2.jar:/Users/abc/.m2/repository/org/codehaus/woodstox/wstx-asl/3.2.6/wstx-asl-3.2.6.jar:/Users/abc/.m2/repository/org/apache/maven/maven-project-builder/3.0-alpha-2/maven-project-builder-3.0-alpha-2.jar:/Users/abc/.m2/repository/commons-cli/commons-cli/1.0/commons-cli-1.0.jar:/Users/abc/.m2/repository/org/codehaus/plexus/plexus-interactivity-api/1.0-alpha-6/plexus-interactivity-api-1.0-alpha-6.jar:/Users/abc/.m2/repository/org/codehaus/plexus/plexus-interpolation/1.1/plexus-interpolation-1.1.jar:/Users/abc/.m2/repository/org/codehaus/plexus/plexus-utils/1.5.6/plexus-utils-1.5.6.jar:/Users/abc/.m2/repository/org/codehaus/plexus/plexus-classworlds/1.3/plexus-classworlds-1.3.jar:/Users/abc/.m2/repository/org/codehaus/plexus/plexus-component-annotations/1.0-beta-3.0.5/plexus-component-annotations-1.0-beta-3.0.5.jar:/Users/abc/.m2/repository/org/sonatype/plexus/plexus-plugin-manager/1.0-alpha-1/plexus-plugin-manager-1.0-alpha-1.jar:/Users/abc/.m2/repository/org/apache/maven/mercury/mercury-plexus/1.0.0-alpha-2/mercury-plexus-1.0.0-alpha-2.jar:/Users/abc/.m2/repository/org/apache/maven/mercury/mercury-repo-remote-m2/1.0.0-alpha-2/mercury-repo-remote-m2-1.0.0-alpha-2.jar:/Users/abc/.m2/repository/org/apache/maven/mercury/mercury-repo-api/1.0.0-alpha-2/mercury-repo-api-1.0.0-alpha-2.jar:/Users/abc/.m2/repository/org/apache/maven/mercury/mercury-transport-api/1.0.0-alpha-2/mercury-transport-api-1.0.0-alpha-2.jar:/Users/abc/.m2/repository/org/apache/maven/mercury/mercury-crypto-api/1.0.0-alpha-2/mercury-crypto-api-1.0.0-alpha-2.jar:/Users/abc/.m2/repository/org/apache/maven/mercury/mercury-transport-http/1.0.0-alpha-2/mercury-transport-http-1.0.0-alpha-2.jar:/Users/abc/.m2/repository/org/mortbay/jetty/jetty-client/6.1.12/jetty-client-6.1.12.jar:/Users/abc/.m2/repository/org/mortbay/jetty/jetty-sslengine/6.1.12/jetty-sslengine-6.1.12.jar:/Users/abc/.m2/repository/org/mortbay/jetty/jetty/6.1.12/jetty-6.1.12.jar:/Users/abc/.m2/repository/org/mortbay/jetty/jetty-util/6.1.12/jetty-util-6.1.12.jar:/Users/abc/.m2/repository/org/mortbay/jetty/servlet-api-2.5/6.1.12/servlet-api-2.5-6.1.12.jar:/Users/abc/.m2/repository/org/apache/maven/mercury/mercury-crypto-basic/1.0.0-alpha-2/mercury-crypto-basic-1.0.0-alpha-2.jar:/Users/abc/.m2/repository/bouncycastle/bcprov-jdk15/140/bcprov-jdk15-140.jar:/Users/abc/.m2/repository/bouncycastle/bcpg-jdk15/140/bcpg-jdk15-140.jar:/Users/abc/.m2/repository/org/apache/maven/mercury/mercury-md-shared/1.0.0-alpha-2/mercury-md-shared-1.0.0-alpha-2.jar:/Users/abc/.m2/repository/org/apache/maven/mercury/mercury-util/1.0.0-alpha-2/mercury-util-1.0.0-alpha-2.jar:/Users/abc/.m2/repository/org/apache/maven/mercury/mercury-repo-local-m2/1.0.0-alpha-2/mercury-repo-local-m2-1.0.0-alpha-2.jar:/Users/abc/.m2/repository/org/apache/maven/mercury/mercury-repo-virtual/1.0.0-alpha-2/mercury-repo-virtual-1.0.0-alpha-2.jar:/Users/abc/.m2/repository/org/apache/maven/mercury/mercury-repo-cache-fs/1.0.0-alpha-2/mercury-repo-cache-fs-1.0.0-alpha-2.jar:/Users/abc/.m2/repository/org/apache/maven/mercury/mercury-md-sat/1.0.0-alpha-2/mercury-md-sat-1.0.0-alpha-2.jar:/Users/abc/.m2/repository/org/sat4j/org.sat4j.core/2.0.4/org.sat4j.core-2.0.4.jar:/Users/abc/.m2/repository/org/sat4j/org.sat4j.pb/2.0.4/org.sat4j.pb-2.0.4.jar:/Users/abc/.m2/repository/org/apache/maven/mercury/mercury-event/1.0.0-alpha-2/mercury-event-1.0.0-alpha-2.jar:/Users/abc/.m2/repository/org/apache/maven/mercury/mercury-logging/1.0.0-alpha-2/mercury-logging-1.0.0-alpha-2.jar:/Users/abc/.m2/repository/org/codehaus/plexus/plexus-lang/1.1/plexus-lang-1.1.jar:/Users/abc/.m2/repository/org/slf4j/slf4j-jdk14/1.5.3/slf4j-jdk14-1.5.3.jar:/Users/abc/.m2/repository/org/apache/maven/maven-mercury/3.0-alpha-2/maven-mercury-3.0-alpha-2.jar:/Users/abc/.m2/repository/org/apache/maven/mercury/mercury-artifact/1.0.0-alpha-2/mercury-artifact-1.0.0-alpha-2.jar:/Users/abc/.m2/repository/org/apache/maven/mercury/mercury-external/1.0.0-alpha-2/mercury-external-1.0.0-alpha-2.jar:/Users/abc/.m2/repository/org/sonatype/spice/model-builder/1.3/model-builder-1.3.jar:/Users/abc/.m2/repository/stax/stax-api/1.0.1/stax-api-1.0.1.jar:/Users/abc/.m2/repository/org/apache/maven/maven-compat/3.0-alpha-2/maven-compat-3.0-alpha-2.jar:/Users/abc/.m2/repository/org/apache/maven/wagon/wagon-provider-api/1.0-beta-4/wagon-provider-api-1.0-beta-4.jar:/Users/abc/.m2/repository/org/codehaus/plexus/plexus-java/1.0.1/plexus-java-1.0.1.jar:/Users/abc/.m2/repository/org/ow2/asm/asm/7.0-beta/asm-7.0-beta.jar:/Users/abc/.m2/repository/com/thoughtworks/qdox/qdox/2.0-M9/qdox-2.0-M9.jar:/Users/abc/.m2/repository/org/apache/poi/poi-ooxml/4.1.2/poi-ooxml-4.1.2.jar:/Users/abc/.m2/repository/org/apache/poi/poi-ooxml-schemas/4.1.2/poi-ooxml-schemas-4.1.2.jar:/Users/abc/.m2/repository/org/apache/xmlbeans/xmlbeans/3.1.0/xmlbeans-3.1.0.jar:/Users/abc/.m2/repository/org/apache/commons/commons-compress/1.19/commons-compress-1.19.jar:/Users/abc/.m2/repository/com/github/virtuald/curvesapi/1.06/curvesapi-1.06.jar:/Users/abc/.m2/repository/io/github/bonigarcia/webdrivermanager/4.2.2/webdrivermanager-4.2.2.jar:/Users/abc/.m2/repository/org/slf4j/slf4j-api/1.7.30/slf4j-api-1.7.30.jar:/Users/abc/.m2/repository/org/apache/commons/commons-lang3/3.11/commons-lang3-3.11.jar:/Users/abc/.m2/repository/org/apache/httpcomponents/client5/httpclient5/5.0.1/httpclient5-5.0.1.jar:/Users/abc/.m2/repository/org/apache/httpcomponents/core5/httpcore5/5.0.1/httpcore5-5.0.1.jar:/Users/abc/.m2/repository/org/apache/httpcomponents/core5/httpcore5-h2/5.0.1/httpcore5-h2-5.0.1.jar:/Users/abc/.m2/repository/org/rauschig/jarchivelib/1.1.0/jarchivelib-1.1.0.jar:/Users/abc/.m2/repository/org/jsoup/jsoup/1.13.1/jsoup-1.13.1.jar:"/>
    <property name="sun.cpu.endian" value="little"/>
    <property name="user.home" value="/Users/abc"/>
    <property name="user.language" value="en"/>
    <property name="java.specification.vendor" value="Oracle Corporation"/>
    <property name="java.version.date" value="2020-04-14"/>
    <property name="java.home" value="/usr/local/Cellar/openjdk/14.0.1/libexec/openjdk.jdk/Contents/Home"/>
    <property name="file.separator" value="/"/>
    <property name="basedir" value="/Users/abc/IdeaProject/SactionScreening/AmazonDataDrivenExcel"/>
    <property name="java.vm.compressedOopsMode" value="Zero based"/>
    <property name="line.separator" value="&#10;"/>
    <property name="java.specification.name" value="Java Platform API Specification"/>
    <property name="java.vm.specification.vendor" value="Oracle Corporation"/>
    <property name="surefire.real.class.path" value="/Users/abc/IdeaProject/SactionScreening/AmazonDataDrivenExcel/target/surefire/surefirebooter11500006667750908997.jar"/>
    <property name="sun.management.compiler" value="HotSpot 64-Bit Tiered Compilers"/>
    <property name="ftp.nonProxyHosts" value="local|*.local|169.254/16|*.169.254/16"/>
    <property name="java.runtime.version" value="14.0.1+14"/>
    <property name="user.name" value="abc"/>
    <property name="path.separator" value=":"/>
    <property name="os.version" value="10.16"/>
    <property name="java.runtime.name" value="OpenJDK Runtime Environment"/>
    <property name="file.encoding" value="UTF-8"/>
    <property name="java.vm.name" value="OpenJDK 64-Bit Server VM"/>
    <property name="localRepository" value="/Users/abc/.m2/repository"/>
    <property name="java.vendor.url.bug" value="https://bugreport.java.com/bugreport/"/>
    <property name="java.io.tmpdir" value="/var/folders/5w/mkcmv9wd2n91jm6yt8l_nl3m0000gn/T/"/>
    <property name="java.version" value="14.0.1"/>
    <property name="user.dir" value="/Users/abc/IdeaProject/SactionScreening/AmazonDataDrivenExcel"/>
    <property name="os.arch" value="x86_64"/>
    <property name="java.vm.specification.name" value="Java Virtual Machine Specification"/>
    <property name="java.library.path" value="/Users/abc/Library/Java/Extensions:/Library/Java/Extensions:/Network/Library/Java/Extensions:/System/Library/Java/Extensions:/usr/lib/java:."/>
    <property name="java.vm.info" value="mixed mode, sharing"/>
    <property name="java.vendor" value="N/A"/>
    <property name="java.vm.version" value="14.0.1+14"/>
    <property name="sun.io.unicode.encoding" value="UnicodeBig"/>
    <property name="socksNonProxyHosts" value="local|*.local|169.254/16|*.169.254/16"/>
    <property name="java.class.version" value="58.0"/>
  </properties>
  <testcase name="createNewAccountFourParameters" classname="testCases.TestCreateNewAccountPageWithDataProvider" time="1.937"/>
  <testcase name="createNewAccountFourParameters" classname="testCases.TestCreateNewAccountPageWithDataProvider" time="1.695"/>
  <testcase name="createNewAccountFourParameters" classname="testCases.TestCreateNewAccountPageWithDataProvider" time="1.768"/>
  <testcase name="createNewAccountFourParameters" classname="testCases.TestCreateNewAccountPageWithDataProvider" time="1.013"/>
  <testcase name="createNewAccountFourParameters" classname="testCases.TestCreateNewAccountPageWithDataProvider" time="1.566"/>
  <testcase name="createNewAccountFourParameters" classname="testCases.TestCreateNewAccountPageWithDataProvider" time="1.528"/>
  <testcase name="createNewAccountThreeParameters" classname="testCases.TestCreateNewAccountPageWithDataProvider" time="1.001"/>
  <testcase name="createNewAccountThreeParameters" classname="testCases.TestCreateNewAccountPageWithDataProvider" time="1.104"/>
  <testcase name="createNewAccountTwoParameters" classname="testCases.TestCreateNewAccountPageWithDataProvider" time="0.812"/>
  <testcase name="createNewAccountTwoParameters" classname="testCases.TestCreateNewAccountPageWithDataProvider" time="0.753"/>
  <testcase name="testSignIn" classname="testCases.TestIndexPage" time="0.526"/>
  <testcase name="testValidateCompanyLogo" classname="testCases.TestIndexPage" time="0.046"/>
  <testcase name="testValidateUrl" classname="testCases.TestIndexPage" time="0.336"/>
  <testcase name="testSearch1stItem" classname="testCases.TestSearchPage" time="1.365"/>
  <testcase name="testSearch2ndItem" classname="testCases.TestSearchPage" time="1.103"/>
  <testcase name="testSearch3rdItem" classname="testCases.TestSearchPage" time="1.414"/>
  <testcase name="testSearch4thItem" classname="testCases.TestSearchPage" time="0.973"/>
  <testcase name="testSearch5thItem" classname="testCases.TestSearchPage" time="0.992"/>
  <testcase name="testSearch6thItem" classname="testCases.TestSearchPage" time="1.124"/>
  <testcase name="testSearch1stItem" classname="testCases.TestSearchPageWithDataProvider" time="1.303"/>
  <testcase name="testSearch1stItem" classname="testCases.TestSearchPageWithDataProvider" time="1.323"/>
  <testcase name="testSearch1stItem" classname="testCases.TestSearchPageWithDataProvider" time="1.513"/>
  <testcase name="testSearch1stItem" classname="testCases.TestSearchPageWithDataProvider" time="1.131"/>
  <testcase name="testSearch1stItem" classname="testCases.TestSearchPageWithDataProvider" time="1.425"/>
  <testcase name="testSearch1stItem" classname="testCases.TestSearchPageWithDataProvider" time="1.401"/>
  <testcase name="testSearch2ndItem" classname="testCases.TestSearchPageWithDataProvider" time="1.079"/>
  <testcase name="testSearch2ndItem" classname="testCases.TestSearchPageWithDataProvider" time="0.981"/>
  <testcase name="testSearch2ndItem" classname="testCases.TestSearchPageWithDataProvider" time="1.375"/>
  <testcase name="testSearch2ndItem" classname="testCases.TestSearchPageWithDataProvider" time="1.655"/>
  <testcase name="testSearch3rdItem" classname="testCases.TestSearchPageWithDataProvider" time="0.865"/>
  <testcase name="testSearch3rdItem" classname="testCases.TestSearchPageWithDataProvider" time="1.123"/>
  <testcase name="testSearch3rdItem" classname="testCases.TestSearchPageWithDataProvider" time="1.19"/>
  <testcase name="createNewAccount" classname="testCases.TestCreateNewAccountPage" time="1.313"/>
  <testcase name="createNewAccountTwoParameters" classname="testCases.TestCreateNewAccountPage" time="0.826"/>
</testsuite>