<?xml version="1.0" encoding="UTF-8"?>
<!-- Generated by org.testng.reporters.JUnitReportReporter -->
<testsuite hostname="abcs-MBP" failures="0" tests="3" name="testCases.TestLoginPages" time="7.560" errors="0" timestamp="2020-11-28T17:59:07 EST" skipped="0">
  <testcase classname="testCases.TestLoginPages" name="testValidateLoginPageLogo" time="2.077"/>
  <testcase classname="testCases.TestLoginPages" name="testlogin" time="2.931"/>
  <testcase classname="testCases.TestLoginPages" name="testRunIndependentlyValidateLoginPageLogo" time="2.552"/>
</testsuite> <!-- testCases.TestLoginPages -->
